Mon Jan 02 2017 21:56:29 GMT+0700 (ICT): GET /
Mon Jan 02 2017 21:56:29 GMT+0700 (ICT): GET /favicon.ico
Mon Jan 02 2017 21:58:02 GMT+0700 (ICT): GET /
Mon Jan 02 2017 21:58:02 GMT+0700 (ICT): GET /favicon.ico
Mon Jan 02 2017 21:58:04 GMT+0700 (ICT): GET /createBook
Mon Jan 02 2017 22:09:30 GMT+0700 (ICT): GET /
Mon Jan 02 2017 22:10:00 GMT+0700 (ICT): GET /
Mon Jan 02 2017 22:10:03 GMT+0700 (ICT): GET /createBook
Mon Jan 02 2017 22:10:16 GMT+0700 (ICT): POST /createBook
Mon Jan 02 2017 22:10:17 GMT+0700 (ICT): GET /createBook
Mon Jan 02 2017 22:28:33 GMT+0700 (ICT): GET /
Mon Jan 02 2017 22:28:36 GMT+0700 (ICT): GET /createBook
Mon Jan 02 2017 22:28:38 GMT+0700 (ICT): POST /book/delete
Mon Jan 02 2017 22:28:38 GMT+0700 (ICT): GET /createBook
Mon Jan 02 2017 22:41:47 GMT+0700 (ICT): GET /
Mon Jan 02 2017 22:41:49 GMT+0700 (ICT): GET /createBook
Mon Jan 02 2017 23:45:21 GMT+0700 (ICT): GET /
Mon Jan 02 2017 23:45:23 GMT+0700 (ICT): GET /createBook
Tue Jan 03 2017 00:05:19 GMT+0700 (ICT): GET /
Tue Jan 03 2017 00:05:30 GMT+0700 (ICT): GET /
Tue Jan 03 2017 00:26:36 GMT+0700 (ICT): GET /
Tue Jan 03 2017 00:26:40 GMT+0700 (ICT): GET /createBook
Tue Jan 03 2017 01:13:39 GMT+0700 (ICT): GET /
Tue Jan 03 2017 01:41:16 GMT+0700 (ICT): GET /
Tue Jan 03 2017 01:41:18 GMT+0700 (ICT): GET /createBook
Tue Jan 03 2017 01:41:32 GMT+0700 (ICT): POST /createBook
Tue Jan 03 2017 01:41:32 GMT+0700 (ICT): GET /createBook
Tue Jan 03 2017 01:56:50 GMT+0700 (ICT): GET /
Tue Jan 03 2017 02:19:28 GMT+0700 (ICT): GET /
Tue Jan 03 2017 02:19:29 GMT+0700 (ICT): GET /createBook
Tue Jan 03 2017 02:19:30 GMT+0700 (ICT): GET /book/update/586a9edc1d8ec6d24cd93020?
Tue Jan 03 2017 02:19:55 GMT+0700 (ICT): POST /book/delete
Tue Jan 03 2017 02:19:55 GMT+0700 (ICT): GET /createBook
Tue Jan 03 2017 02:20:07 GMT+0700 (ICT): POST /createBook
Tue Jan 03 2017 02:20:07 GMT+0700 (ICT): GET /createBook
Tue Jan 03 2017 02:20:08 GMT+0700 (ICT): GET /book/update/586aa7e776da4213515aac52?
Tue Jan 03 2017 02:20:43 GMT+0700 (ICT): GET /createBook
Tue Jan 03 2017 02:20:44 GMT+0700 (ICT): GET /book/update/586aa7e776da4213515aac52?
Tue Jan 03 2017 02:20:44 GMT+0700 (ICT): GET /book/update/css/style.css
Tue Jan 03 2017 02:20:44 GMT+0700 (ICT): GET /book/update/img/310aea5fc7eb9599130b05d009e54c2a.png
Tue Jan 03 2017 02:20:44 GMT+0700 (ICT): GET /book/update/img/310aea5fc7eb9599130b05d009e54c2a.png
Tue Jan 03 2017 02:20:53 GMT+0700 (ICT): GET /book/update/img/310aea5fc7eb9599130b05d009e54c2a.png
Tue Jan 03 2017 02:21:56 GMT+0700 (ICT): GET /createBook
Tue Jan 03 2017 02:21:58 GMT+0700 (ICT): GET /book/update/586aa7e776da4213515aac52?
Tue Jan 03 2017 02:21:58 GMT+0700 (ICT): GET /book/update/css/style.css
Tue Jan 03 2017 02:21:58 GMT+0700 (ICT): GET /book/update/img/310aea5fc7eb9599130b05d009e54c2a.png
Tue Jan 03 2017 02:21:58 GMT+0700 (ICT): GET /book/update/img/310aea5fc7eb9599130b05d009e54c2a.png
Tue Jan 03 2017 02:23:08 GMT+0700 (ICT): GET /createBook
Tue Jan 03 2017 02:23:09 GMT+0700 (ICT): GET /book/update/586aa7e776da4213515aac52?
Tue Jan 03 2017 02:23:09 GMT+0700 (ICT): GET /book/update/css/style.css
Tue Jan 03 2017 02:23:09 GMT+0700 (ICT): GET /book/update/img/310aea5fc7eb9599130b05d009e54c2a.png
Tue Jan 03 2017 02:23:09 GMT+0700 (ICT): GET /book/update/img/310aea5fc7eb9599130b05d009e54c2a.png
Tue Jan 03 2017 02:23:41 GMT+0700 (ICT): GET /book/update/586aa7e776da4213515aac52?
Tue Jan 03 2017 02:23:41 GMT+0700 (ICT): GET /book/update/css/style.css
Tue Jan 03 2017 02:23:41 GMT+0700 (ICT): GET /book/update/img/310aea5fc7eb9599130b05d009e54c2a.png
Tue Jan 03 2017 02:23:41 GMT+0700 (ICT): GET /book/update/img/310aea5fc7eb9599130b05d009e54c2a.png
Tue Jan 03 2017 02:23:50 GMT+0700 (ICT): GET /book/update/img/310aea5fc7eb9599130b05d009e54c2a.png
Tue Jan 03 2017 02:26:29 GMT+0700 (ICT): GET /createBook
Tue Jan 03 2017 02:26:30 GMT+0700 (ICT): GET /book/update/586aa7e776da4213515aac52?
Tue Jan 03 2017 02:26:30 GMT+0700 (ICT): GET /book/update/css/style.css
Tue Jan 03 2017 02:26:30 GMT+0700 (ICT): GET /book/update/img/310aea5fc7eb9599130b05d009e54c2a.png
Tue Jan 03 2017 02:26:30 GMT+0700 (ICT): GET /book/update/img/310aea5fc7eb9599130b05d009e54c2a.png
Tue Jan 03 2017 02:26:52 GMT+0700 (ICT): GET /createBook
Tue Jan 03 2017 02:26:53 GMT+0700 (ICT): GET /book/update/586aa7e776da4213515aac52?
Tue Jan 03 2017 02:26:53 GMT+0700 (ICT): GET /book/update/css/style.css
Tue Jan 03 2017 02:26:53 GMT+0700 (ICT): GET /book/update/public/img/310aea5fc7eb9599130b05d009e54c2a.png
Tue Jan 03 2017 02:26:53 GMT+0700 (ICT): GET /book/update/public/img/310aea5fc7eb9599130b05d009e54c2a.png
Tue Jan 03 2017 02:27:03 GMT+0700 (ICT): GET /book/update/public/img/310aea5fc7eb9599130b05d009e54c2a.png
Tue Jan 03 2017 02:27:28 GMT+0700 (ICT): GET /createBook
Tue Jan 03 2017 02:27:54 GMT+0700 (ICT): GET /createBook
Tue Jan 03 2017 02:27:55 GMT+0700 (ICT): GET /book/update/586aa7e776da4213515aac52?
Tue Jan 03 2017 02:27:55 GMT+0700 (ICT): GET /book/update/css/style.css
Tue Jan 03 2017 02:27:55 GMT+0700 (ICT): GET /book/update/310aea5fc7eb9599130b05d009e54c2a.png
Tue Jan 03 2017 02:27:55 GMT+0700 (ICT): GET /book/update/310aea5fc7eb9599130b05d009e54c2a.png
Tue Jan 03 2017 02:28:04 GMT+0700 (ICT): GET /book/update/310aea5fc7eb9599130b05d009e54c2a.png
Tue Jan 03 2017 02:29:26 GMT+0700 (ICT): GET /book/update/586aa7e776da4213515aac52?
Tue Jan 03 2017 02:29:40 GMT+0700 (ICT): GET /book/update/586aa7e776da4213515aac52?
Tue Jan 03 2017 02:29:40 GMT+0700 (ICT): GET /book/update/css/style.css
Tue Jan 03 2017 02:29:40 GMT+0700 (ICT): GET /book/update/img/310aea5fc7eb9599130b05d009e54c2a.png
Tue Jan 03 2017 02:29:40 GMT+0700 (ICT): GET /book/update/img/310aea5fc7eb9599130b05d009e54c2a.png
Tue Jan 03 2017 02:32:23 GMT+0700 (ICT): GET /book/update/586aa7e776da4213515aac52?
Tue Jan 03 2017 02:32:23 GMT+0700 (ICT): GET /book/update/css/style.css
Tue Jan 03 2017 02:32:23 GMT+0700 (ICT): GET /book/update/img/310aea5fc7eb9599130b05d009e54c2a.png
Tue Jan 03 2017 02:32:23 GMT+0700 (ICT): GET /book/update/img/310aea5fc7eb9599130b05d009e54c2a.png
Tue Jan 03 2017 02:32:30 GMT+0700 (ICT): GET /book/update/img/310aea5fc7eb9599130b05d009e54c2a.png
Tue Jan 03 2017 02:34:01 GMT+0700 (ICT): GET /book/update/img/310aea5fc7eb9599130b05d009e54c2a.png
Tue Jan 03 2017 02:34:05 GMT+0700 (ICT): GET /book/update/586aa7e776da4213515aac52?
Tue Jan 03 2017 02:34:05 GMT+0700 (ICT): GET /book/update/css/style.css
Tue Jan 03 2017 02:34:05 GMT+0700 (ICT): GET /book/..public/image/310aea5fc7eb9599130b05d009e54c2a.png
Tue Jan 03 2017 02:34:05 GMT+0700 (ICT): GET /book/..public/image/310aea5fc7eb9599130b05d009e54c2a.png
Tue Jan 03 2017 02:34:11 GMT+0700 (ICT): GET /book/..public/image/310aea5fc7eb9599130b05d009e54c2a.png
Tue Jan 03 2017 02:34:37 GMT+0700 (ICT): GET /book/update/586aa7e776da4213515aac52?
Tue Jan 03 2017 02:34:37 GMT+0700 (ICT): GET /book/update/css/style.css
Tue Jan 03 2017 02:34:37 GMT+0700 (ICT): GET /public/img/310aea5fc7eb9599130b05d009e54c2a.png
Tue Jan 03 2017 02:34:37 GMT+0700 (ICT): GET /public/img/310aea5fc7eb9599130b05d009e54c2a.png
Tue Jan 03 2017 02:34:46 GMT+0700 (ICT): GET /public/img/310aea5fc7eb9599130b05d009e54c2a.png
Tue Jan 03 2017 02:35:03 GMT+0700 (ICT): GET /book/update/586aa7e776da4213515aac52?
Tue Jan 03 2017 02:35:03 GMT+0700 (ICT): GET /book/update/css/style.css
Tue Jan 03 2017 02:35:43 GMT+0700 (ICT): GET /book/update/586aa7e776da4213515aac52?
Tue Jan 03 2017 02:35:43 GMT+0700 (ICT): GET /book/update/css/style.css
Tue Jan 03 2017 02:35:54 GMT+0700 (ICT): GET /book/update/586aa7e776da4213515aac52?
Tue Jan 03 2017 02:35:54 GMT+0700 (ICT): GET /book/update/css/style.css
Tue Jan 03 2017 02:36:01 GMT+0700 (ICT): POST /Book/update
Tue Jan 03 2017 02:36:01 GMT+0700 (ICT): GET /createBook
Tue Jan 03 2017 02:36:04 GMT+0700 (ICT): GET /book/update/586aa7e776da4213515aac52?
Tue Jan 03 2017 02:36:04 GMT+0700 (ICT): GET /book/update/css/style.css
Tue Jan 03 2017 02:36:13 GMT+0700 (ICT): POST /Book/update
Tue Jan 03 2017 02:36:13 GMT+0700 (ICT): GET /createBook
Tue Jan 03 2017 02:37:37 GMT+0700 (ICT): GET /createBook
Tue Jan 03 2017 02:37:38 GMT+0700 (ICT): GET /book/update/586aa7e776da4213515aac52?
Tue Jan 03 2017 02:37:38 GMT+0700 (ICT): GET /book/update/css/style.css
Tue Jan 03 2017 02:37:43 GMT+0700 (ICT): POST /Book/update
Tue Jan 03 2017 02:37:43 GMT+0700 (ICT): GET /createBook
Tue Jan 03 2017 02:38:33 GMT+0700 (ICT): GET /createBook
Tue Jan 03 2017 02:38:34 GMT+0700 (ICT): GET /book/update/586aa7e776da4213515aac52?
Tue Jan 03 2017 02:38:34 GMT+0700 (ICT): GET /book/update/css/style.css
Tue Jan 03 2017 02:38:40 GMT+0700 (ICT): POST /Book/update
Tue Jan 03 2017 02:38:40 GMT+0700 (ICT): GET /createBook
